<?xml version="1.0" encoding="UTF-8"?>
<!-- Generated by org.testng.reporters.JUnitXMLReporter -->
<testsuite hostname="A2ML16237" ignored="44" name="Test" tests="12" failures="9" timestamp="24 Nov 2017 10:30:47 GMT" time="18.082" errors="0">
  <testcase name="testAddOwner" time="2.022" classname="com.sampejavaappscripts.AddOwner"/>
  <testcase name="testDisplayVeterenarians" time="0.49" classname="com.sampejavaappscripts.DisplayVeterenarians"/>
  <testcase name="testDisplayHomePage" time="0.453" classname="com.sampejavaappscripts.DisplayHomePage"/>
  <testcase name="testDisplayErrorPage" time="6.166" classname="com.sampejavaappscripts.DisplayErrorPage">
    <failure type="java.lang.NullPointerException">
      <![CDATA[java.lang.NullPointerException
	at com.sampejavaappscripts.DisplayErrorPage.testDisplayErrorPage(DisplayErrorPage.java:24)
... Removed 25 stack frames]]>
    </failure>
  </testcase> <!-- testDisplayErrorPage -->
  <testcase name="testAddOwner" time="0.035" classname="com.sampejavaappscripts.AddOwner1">
    <failure type="org.openqa.selenium.NoSuchWindowException" message="no such window: target window already closed
from unknown error: web view not found
  (Session info: chrome=62.0.3202.94)
  (Driver info: chromedriver=2.33.506120 (e3e53437346286c0bc2d2dc9aa4915ba81d9023f),platform=Windows NT 10.0.10586 x86_64) (WARNING: The server did not provide any stacktrace information)
Command duration or timeout: 27 milliseconds
Build info: version: &amp;apos;2.53.1&amp;apos;, revision: &amp;apos;a36b8b1&amp;apos;, time: &amp;apos;2016-06-30 17:37:03&amp;apos;
System info: host: &amp;apos;A2ML16237&amp;apos;, ip: &amp;apos;10.52.12.36&amp;apos;, os.name: &amp;apos;Windows 10&amp;apos;, os.arch: &amp;apos;amd64&amp;apos;, os.version: &amp;apos;10.0&amp;apos;, java.version: &amp;apos;1.8.0_102&amp;apos;
Driver info: org.openqa.selenium.chrome.ChromeDriver
Capabilities [{applicationCacheEnabled=false, rotatable=false, mobileEmulationEnabled=false, networkConnectionEnabled=false, chrome={chromedriverVersion=2.33.506120 (e3e53437346286c0bc2d2dc9aa4915ba81d9023f), userDataDir=C:\Users\m1021092\AppData\Local\Temp\scoped_dir10516_29291}, takesHeapSnapshot=true, pageLoadStrategy=normal, databaseEnabled=false, handlesAlerts=true, hasTouchScreen=false, version=62.0.3202.94, platform=XP, browserConnectionEnabled=false, nativeEvents=true, acceptSslCerts=true, locationContextEnabled=true, webStorageEnabled=true, browserName=chrome, takesScreenshot=true, javascriptEnabled=true, cssSelectorsEnabled=true, setWindowRect=true, unexpectedAlertBehaviour=}]
Session ID: e0f55bdcdac5d85f93e93b88daa6eef0
*** Element info: {Using=xpath, value=//span[text()=&amp;apos;Find owners&amp;apos;]}">
      <![CDATA[org.openqa.selenium.NoSuchWindowException: no such window: target window already closed
from unknown error: web view not found
  (Session info: chrome=62.0.3202.94)
  (Driver info: chromedriver=2.33.506120 (e3e53437346286c0bc2d2dc9aa4915ba81d9023f),platform=Windows NT 10.0.10586 x86_64) (WARNING: The server did not provide any stacktrace information)
Command duration or timeout: 27 milliseconds
Build info: version: '2.53.1', revision: 'a36b8b1', time: '2016-06-30 17:37:03'
System info: host: 'A2ML16237', ip: '10.52.12.36', os.name: 'Windows 10', os.arch: 'amd64', os.version: '10.0', java.version: '1.8.0_102'
Driver info: org.openqa.selenium.chrome.ChromeDriver
Capabilities [{applicationCacheEnabled=false, rotatable=false, mobileEmulationEnabled=false, networkConnectionEnabled=false, chrome={chromedriverVersion=2.33.506120 (e3e53437346286c0bc2d2dc9aa4915ba81d9023f), userDataDir=C:\Users\m1021092\AppData\Local\Temp\scoped_dir10516_29291}, takesHeapSnapshot=true, pageLoadStrategy=normal, databaseEnabled=false, handlesAlerts=true, hasTouchScreen=false, version=62.0.3202.94, platform=XP, browserConnectionEnabled=false, nativeEvents=true, acceptSslCerts=true, locationContextEnabled=true, webStorageEnabled=true, browserName=chrome, takesScreenshot=true, javascriptEnabled=true, cssSelectorsEnabled=true, setWindowRect=true, unexpectedAlertBehaviour=}]
Session ID: e0f55bdcdac5d85f93e93b88daa6eef0
*** Element info: {Using=xpath, value=//span[text()='Find owners']}
	at org.openqa.selenium.remote.ErrorHandler.createThrowable(ErrorHandler.java:206)
	at org.openqa.selenium.remote.ErrorHandler.throwIfResponseFailed(ErrorHandler.java:158)
	at org.openqa.selenium.remote.RemoteWebDriver.execute(RemoteWebDriver.java:678)
	at org.openqa.selenium.remote.RemoteWebDriver.findElement(RemoteWebDriver.java:363)
	at org.openqa.selenium.remote.RemoteWebDriver.findElementByXPath(RemoteWebDriver.java:500)
	at org.openqa.selenium.By$ByXPath.findElement(By.java:361)
	at org.openqa.selenium.remote.RemoteWebDriver.findElement(RemoteWebDriver.java:355)
	at com.sampejavaappscripts.AddOwner1.testAddOwner(AddOwner1.java:17)
... Removed 29 stack frames]]>
    </failure>
  </testcase> <!-- testAddOwner -->
  <testcase name="testDisplayVeterenarians" time="0.062" classname="com.sampejavaappscripts.DisplayVeterenarians1">
    <failure type="org.openqa.selenium.NoSuchWindowException" message="no such window: target window already closed
from unknown error: web view not found
  (Session info: chrome=62.0.3202.94)
  (Driver info: chromedriver=2.33.506120 (e3e53437346286c0bc2d2dc9aa4915ba81d9023f),platform=Windows NT 10.0.10586 x86_64) (WARNING: The server did not provide any stacktrace information)
Command duration or timeout: 57 milliseconds
Build info: version: &amp;apos;2.53.1&amp;apos;, revision: &amp;apos;a36b8b1&amp;apos;, time: &amp;apos;2016-06-30 17:37:03&amp;apos;
System info: host: &amp;apos;A2ML16237&amp;apos;, ip: &amp;apos;10.52.12.36&amp;apos;, os.name: &amp;apos;Windows 10&amp;apos;, os.arch: &amp;apos;amd64&amp;apos;, os.version: &amp;apos;10.0&amp;apos;, java.version: &amp;apos;1.8.0_102&amp;apos;
Driver info: org.openqa.selenium.chrome.ChromeDriver
Capabilities [{applicationCacheEnabled=false, rotatable=false, mobileEmulationEnabled=false, networkConnectionEnabled=false, chrome={chromedriverVersion=2.33.506120 (e3e53437346286c0bc2d2dc9aa4915ba81d9023f), userDataDir=C:\Users\m1021092\AppData\Local\Temp\scoped_dir10516_29291}, takesHeapSnapshot=true, pageLoadStrategy=normal, databaseEnabled=false, handlesAlerts=true, hasTouchScreen=false, version=62.0.3202.94, platform=XP, browserConnectionEnabled=false, nativeEvents=true, acceptSslCerts=true, locationContextEnabled=true, webStorageEnabled=true, browserName=chrome, takesScreenshot=true, javascriptEnabled=true, cssSelectorsEnabled=true, setWindowRect=true, unexpectedAlertBehaviour=}]
Session ID: e0f55bdcdac5d85f93e93b88daa6eef0
*** Element info: {Using=xpath, value=//span[text()=&amp;apos;Veterinarians&amp;apos;]}">
      <![CDATA[org.openqa.selenium.NoSuchWindowException: no such window: target window already closed
from unknown error: web view not found
  (Session info: chrome=62.0.3202.94)
  (Driver info: chromedriver=2.33.506120 (e3e53437346286c0bc2d2dc9aa4915ba81d9023f),platform=Windows NT 10.0.10586 x86_64) (WARNING: The server did not provide any stacktrace information)
Command duration or timeout: 57 milliseconds
Build info: version: '2.53.1', revision: 'a36b8b1', time: '2016-06-30 17:37:03'
System info: host: 'A2ML16237', ip: '10.52.12.36', os.name: 'Windows 10', os.arch: 'amd64', os.version: '10.0', java.version: '1.8.0_102'
Driver info: org.openqa.selenium.chrome.ChromeDriver
Capabilities [{applicationCacheEnabled=false, rotatable=false, mobileEmulationEnabled=false, networkConnectionEnabled=false, chrome={chromedriverVersion=2.33.506120 (e3e53437346286c0bc2d2dc9aa4915ba81d9023f), userDataDir=C:\Users\m1021092\AppData\Local\Temp\scoped_dir10516_29291}, takesHeapSnapshot=true, pageLoadStrategy=normal, databaseEnabled=false, handlesAlerts=true, hasTouchScreen=false, version=62.0.3202.94, platform=XP, browserConnectionEnabled=false, nativeEvents=true, acceptSslCerts=true, locationContextEnabled=true, webStorageEnabled=true, browserName=chrome, takesScreenshot=true, javascriptEnabled=true, cssSelectorsEnabled=true, setWindowRect=true, unexpectedAlertBehaviour=}]
Session ID: e0f55bdcdac5d85f93e93b88daa6eef0
*** Element info: {Using=xpath, value=//span[text()='Veterinarians']}
	at org.openqa.selenium.remote.ErrorHandler.createThrowable(ErrorHandler.java:206)
	at org.openqa.selenium.remote.ErrorHandler.throwIfResponseFailed(ErrorHandler.java:158)
	at org.openqa.selenium.remote.RemoteWebDriver.execute(RemoteWebDriver.java:678)
	at org.openqa.selenium.remote.RemoteWebDriver.findElement(RemoteWebDriver.java:363)
	at org.openqa.selenium.remote.RemoteWebDriver.findElementByXPath(RemoteWebDriver.java:500)
	at org.openqa.selenium.By$ByXPath.findElement(By.java:361)
	at org.openqa.selenium.remote.RemoteWebDriver.findElement(RemoteWebDriver.java:355)
	at com.sampejavaappscripts.DisplayVeterenarians1.testDisplayVeterenarians(DisplayVeterenarians1.java:22)
... Removed 29 stack frames]]>
    </failure>
  </testcase> <!-- testDisplayVeterenarians -->
  <testcase name="testDisplayHomePage" time="0.023" classname="com.sampejavaappscripts.DisplayHomePage1">
    <failure type="org.openqa.selenium.NoSuchWindowException" message="no such window: target window already closed
from unknown error: web view not found
  (Session info: chrome=62.0.3202.94)
  (Driver info: chromedriver=2.33.506120 (e3e53437346286c0bc2d2dc9aa4915ba81d9023f),platform=Windows NT 10.0.10586 x86_64) (WARNING: The server did not provide any stacktrace information)
Command duration or timeout: 21 milliseconds
Build info: version: &amp;apos;2.53.1&amp;apos;, revision: &amp;apos;a36b8b1&amp;apos;, time: &amp;apos;2016-06-30 17:37:03&amp;apos;
System info: host: &amp;apos;A2ML16237&amp;apos;, ip: &amp;apos;10.52.12.36&amp;apos;, os.name: &amp;apos;Windows 10&amp;apos;, os.arch: &amp;apos;amd64&amp;apos;, os.version: &amp;apos;10.0&amp;apos;, java.version: &amp;apos;1.8.0_102&amp;apos;
Driver info: org.openqa.selenium.chrome.ChromeDriver
Capabilities [{applicationCacheEnabled=false, rotatable=false, mobileEmulationEnabled=false, networkConnectionEnabled=false, chrome={chromedriverVersion=2.33.506120 (e3e53437346286c0bc2d2dc9aa4915ba81d9023f), userDataDir=C:\Users\m1021092\AppData\Local\Temp\scoped_dir10516_29291}, takesHeapSnapshot=true, pageLoadStrategy=normal, databaseEnabled=false, handlesAlerts=true, hasTouchScreen=false, version=62.0.3202.94, platform=XP, browserConnectionEnabled=false, nativeEvents=true, acceptSslCerts=true, locationContextEnabled=true, webStorageEnabled=true, browserName=chrome, takesScreenshot=true, javascriptEnabled=true, cssSelectorsEnabled=true, setWindowRect=true, unexpectedAlertBehaviour=}]
Session ID: e0f55bdcdac5d85f93e93b88daa6eef0
*** Element info: {Using=xpath, value=//span[text()=&amp;apos;Home&amp;apos;]}">
      <![CDATA[org.openqa.selenium.NoSuchWindowException: no such window: target window already closed
from unknown error: web view not found
  (Session info: chrome=62.0.3202.94)
  (Driver info: chromedriver=2.33.506120 (e3e53437346286c0bc2d2dc9aa4915ba81d9023f),platform=Windows NT 10.0.10586 x86_64) (WARNING: The server did not provide any stacktrace information)
Command duration or timeout: 21 milliseconds
Build info: version: '2.53.1', revision: 'a36b8b1', time: '2016-06-30 17:37:03'
System info: host: 'A2ML16237', ip: '10.52.12.36', os.name: 'Windows 10', os.arch: 'amd64', os.version: '10.0', java.version: '1.8.0_102'
Driver info: org.openqa.selenium.chrome.ChromeDriver
Capabilities [{applicationCacheEnabled=false, rotatable=false, mobileEmulationEnabled=false, networkConnectionEnabled=false, chrome={chromedriverVersion=2.33.506120 (e3e53437346286c0bc2d2dc9aa4915ba81d9023f), userDataDir=C:\Users\m1021092\AppData\Local\Temp\scoped_dir10516_29291}, takesHeapSnapshot=true, pageLoadStrategy=normal, databaseEnabled=false, handlesAlerts=true, hasTouchScreen=false, version=62.0.3202.94, platform=XP, browserConnectionEnabled=false, nativeEvents=true, acceptSslCerts=true, locationContextEnabled=true, webStorageEnabled=true, browserName=chrome, takesScreenshot=true, javascriptEnabled=true, cssSelectorsEnabled=true, setWindowRect=true, unexpectedAlertBehaviour=}]
Session ID: e0f55bdcdac5d85f93e93b88daa6eef0
*** Element info: {Using=xpath, value=//span[text()='Home']}
	at org.openqa.selenium.remote.ErrorHandler.createThrowable(ErrorHandler.java:206)
	at org.openqa.selenium.remote.ErrorHandler.throwIfResponseFailed(ErrorHandler.java:158)
	at org.openqa.selenium.remote.RemoteWebDriver.execute(RemoteWebDriver.java:678)
	at org.openqa.selenium.remote.RemoteWebDriver.findElement(RemoteWebDriver.java:363)
	at org.openqa.selenium.remote.RemoteWebDriver.findElementByXPath(RemoteWebDriver.java:500)
	at org.openqa.selenium.By$ByXPath.findElement(By.java:361)
	at org.openqa.selenium.remote.RemoteWebDriver.findElement(RemoteWebDriver.java:355)
	at com.sampejavaappscripts.DisplayHomePage1.testDisplayHomePage(DisplayHomePage1.java:21)
... Removed 29 stack frames]]>
    </failure>
  </testcase> <!-- testDisplayHomePage -->
  <testcase name="testDisplayErrorPage" time="0.026" classname="com.sampejavaappscripts.DisplayErrorPage1">
    <failure type="org.openqa.selenium.NoSuchWindowException" message="no such window: target window already closed
from unknown error: web view not found
  (Session info: chrome=62.0.3202.94)
  (Driver info: chromedriver=2.33.506120 (e3e53437346286c0bc2d2dc9aa4915ba81d9023f),platform=Windows NT 10.0.10586 x86_64) (WARNING: The server did not provide any stacktrace information)
Command duration or timeout: 25 milliseconds
Build info: version: &amp;apos;2.53.1&amp;apos;, revision: &amp;apos;a36b8b1&amp;apos;, time: &amp;apos;2016-06-30 17:37:03&amp;apos;
System info: host: &amp;apos;A2ML16237&amp;apos;, ip: &amp;apos;10.52.12.36&amp;apos;, os.name: &amp;apos;Windows 10&amp;apos;, os.arch: &amp;apos;amd64&amp;apos;, os.version: &amp;apos;10.0&amp;apos;, java.version: &amp;apos;1.8.0_102&amp;apos;
Driver info: org.openqa.selenium.chrome.ChromeDriver
Capabilities [{applicationCacheEnabled=false, rotatable=false, mobileEmulationEnabled=false, networkConnectionEnabled=false, chrome={chromedriverVersion=2.33.506120 (e3e53437346286c0bc2d2dc9aa4915ba81d9023f), userDataDir=C:\Users\m1021092\AppData\Local\Temp\scoped_dir10516_29291}, takesHeapSnapshot=true, pageLoadStrategy=normal, databaseEnabled=false, handlesAlerts=true, hasTouchScreen=false, version=62.0.3202.94, platform=XP, browserConnectionEnabled=false, nativeEvents=true, acceptSslCerts=true, locationContextEnabled=true, webStorageEnabled=true, browserName=chrome, takesScreenshot=true, javascriptEnabled=true, cssSelectorsEnabled=true, setWindowRect=true, unexpectedAlertBehaviour=}]
Session ID: e0f55bdcdac5d85f93e93b88daa6eef0
*** Element info: {Using=xpath, value=//span[text()=&amp;apos;Error&amp;apos;]}">
      <![CDATA[org.openqa.selenium.NoSuchWindowException: no such window: target window already closed
from unknown error: web view not found
  (Session info: chrome=62.0.3202.94)
  (Driver info: chromedriver=2.33.506120 (e3e53437346286c0bc2d2dc9aa4915ba81d9023f),platform=Windows NT 10.0.10586 x86_64) (WARNING: The server did not provide any stacktrace information)
Command duration or timeout: 25 milliseconds
Build info: version: '2.53.1', revision: 'a36b8b1', time: '2016-06-30 17:37:03'
System info: host: 'A2ML16237', ip: '10.52.12.36', os.name: 'Windows 10', os.arch: 'amd64', os.version: '10.0', java.version: '1.8.0_102'
Driver info: org.openqa.selenium.chrome.ChromeDriver
Capabilities [{applicationCacheEnabled=false, rotatable=false, mobileEmulationEnabled=false, networkConnectionEnabled=false, chrome={chromedriverVersion=2.33.506120 (e3e53437346286c0bc2d2dc9aa4915ba81d9023f), userDataDir=C:\Users\m1021092\AppData\Local\Temp\scoped_dir10516_29291}, takesHeapSnapshot=true, pageLoadStrategy=normal, databaseEnabled=false, handlesAlerts=true, hasTouchScreen=false, version=62.0.3202.94, platform=XP, browserConnectionEnabled=false, nativeEvents=true, acceptSslCerts=true, locationContextEnabled=true, webStorageEnabled=true, browserName=chrome, takesScreenshot=true, javascriptEnabled=true, cssSelectorsEnabled=true, setWindowRect=true, unexpectedAlertBehaviour=}]
Session ID: e0f55bdcdac5d85f93e93b88daa6eef0
*** Element info: {Using=xpath, value=//span[text()='Error']}
	at org.openqa.selenium.remote.ErrorHandler.createThrowable(ErrorHandler.java:206)
	at org.openqa.selenium.remote.ErrorHandler.throwIfResponseFailed(ErrorHandler.java:158)
	at org.openqa.selenium.remote.RemoteWebDriver.execute(RemoteWebDriver.java:678)
	at org.openqa.selenium.remote.RemoteWebDriver.findElement(RemoteWebDriver.java:363)
	at org.openqa.selenium.remote.RemoteWebDriver.findElementByXPath(RemoteWebDriver.java:500)
	at org.openqa.selenium.By$ByXPath.findElement(By.java:361)
	at org.openqa.selenium.remote.RemoteWebDriver.findElement(RemoteWebDriver.java:355)
	at com.sampejavaappscripts.DisplayErrorPage1.testDisplayErrorPage(DisplayErrorPage1.java:21)
... Removed 29 stack frames]]>
    </failure>
  </testcase> <!-- testDisplayErrorPage -->
  <testcase name="testAddOwner" time="0.081" classname="com.sampejavaappscripts.AddOwner2">
    <failure type="org.openqa.selenium.NoSuchWindowException" message="no such window: target window already closed
from unknown error: web view not found
  (Session info: chrome=62.0.3202.94)
  (Driver info: chromedriver=2.33.506120 (e3e53437346286c0bc2d2dc9aa4915ba81d9023f),platform=Windows NT 10.0.10586 x86_64) (WARNING: The server did not provide any stacktrace information)
Command duration or timeout: 79 milliseconds
Build info: version: &amp;apos;2.53.1&amp;apos;, revision: &amp;apos;a36b8b1&amp;apos;, time: &amp;apos;2016-06-30 17:37:03&amp;apos;
System info: host: &amp;apos;A2ML16237&amp;apos;, ip: &amp;apos;10.52.12.36&amp;apos;, os.name: &amp;apos;Windows 10&amp;apos;, os.arch: &amp;apos;amd64&amp;apos;, os.version: &amp;apos;10.0&amp;apos;, java.version: &amp;apos;1.8.0_102&amp;apos;
Driver info: org.openqa.selenium.chrome.ChromeDriver
Capabilities [{applicationCacheEnabled=false, rotatable=false, mobileEmulationEnabled=false, networkConnectionEnabled=false, chrome={chromedriverVersion=2.33.506120 (e3e53437346286c0bc2d2dc9aa4915ba81d9023f), userDataDir=C:\Users\m1021092\AppData\Local\Temp\scoped_dir10516_29291}, takesHeapSnapshot=true, pageLoadStrategy=normal, databaseEnabled=false, handlesAlerts=true, hasTouchScreen=false, version=62.0.3202.94, platform=XP, browserConnectionEnabled=false, nativeEvents=true, acceptSslCerts=true, locationContextEnabled=true, webStorageEnabled=true, browserName=chrome, takesScreenshot=true, javascriptEnabled=true, cssSelectorsEnabled=true, setWindowRect=true, unexpectedAlertBehaviour=}]
Session ID: e0f55bdcdac5d85f93e93b88daa6eef0
*** Element info: {Using=xpath, value=//span[text()=&amp;apos;Find owners&amp;apos;]}">
      <![CDATA[org.openqa.selenium.NoSuchWindowException: no such window: target window already closed
from unknown error: web view not found
  (Session info: chrome=62.0.3202.94)
  (Driver info: chromedriver=2.33.506120 (e3e53437346286c0bc2d2dc9aa4915ba81d9023f),platform=Windows NT 10.0.10586 x86_64) (WARNING: The server did not provide any stacktrace information)
Command duration or timeout: 79 milliseconds
Build info: version: '2.53.1', revision: 'a36b8b1', time: '2016-06-30 17:37:03'
System info: host: 'A2ML16237', ip: '10.52.12.36', os.name: 'Windows 10', os.arch: 'amd64', os.version: '10.0', java.version: '1.8.0_102'
Driver info: org.openqa.selenium.chrome.ChromeDriver
Capabilities [{applicationCacheEnabled=false, rotatable=false, mobileEmulationEnabled=false, networkConnectionEnabled=false, chrome={chromedriverVersion=2.33.506120 (e3e53437346286c0bc2d2dc9aa4915ba81d9023f), userDataDir=C:\Users\m1021092\AppData\Local\Temp\scoped_dir10516_29291}, takesHeapSnapshot=true, pageLoadStrategy=normal, databaseEnabled=false, handlesAlerts=true, hasTouchScreen=false, version=62.0.3202.94, platform=XP, browserConnectionEnabled=false, nativeEvents=true, acceptSslCerts=true, locationContextEnabled=true, webStorageEnabled=true, browserName=chrome, takesScreenshot=true, javascriptEnabled=true, cssSelectorsEnabled=true, setWindowRect=true, unexpectedAlertBehaviour=}]
Session ID: e0f55bdcdac5d85f93e93b88daa6eef0
*** Element info: {Using=xpath, value=//span[text()='Find owners']}
	at org.openqa.selenium.remote.ErrorHandler.createThrowable(ErrorHandler.java:206)
	at org.openqa.selenium.remote.ErrorHandler.throwIfResponseFailed(ErrorHandler.java:158)
	at org.openqa.selenium.remote.RemoteWebDriver.execute(RemoteWebDriver.java:678)
	at org.openqa.selenium.remote.RemoteWebDriver.findElement(RemoteWebDriver.java:363)
	at org.openqa.selenium.remote.RemoteWebDriver.findElementByXPath(RemoteWebDriver.java:500)
	at org.openqa.selenium.By$ByXPath.findElement(By.java:361)
	at org.openqa.selenium.remote.RemoteWebDriver.findElement(RemoteWebDriver.java:355)
	at com.sampejavaappscripts.AddOwner2.testAddOwner(AddOwner2.java:17)
... Removed 29 stack frames]]>
    </failure>
  </testcase> <!-- testAddOwner -->
  <testcase name="testDisplayVeterenarians" time="0.018" classname="com.sampejavaappscripts.DisplayVeterenarians2">
    <failure type="org.openqa.selenium.NoSuchWindowException" message="no such window: target window already closed
from unknown error: web view not found
  (Session info: chrome=62.0.3202.94)
  (Driver info: chromedriver=2.33.506120 (e3e53437346286c0bc2d2dc9aa4915ba81d9023f),platform=Windows NT 10.0.10586 x86_64) (WARNING: The server did not provide any stacktrace information)
Command duration or timeout: 16 milliseconds
Build info: version: &amp;apos;2.53.1&amp;apos;, revision: &amp;apos;a36b8b1&amp;apos;, time: &amp;apos;2016-06-30 17:37:03&amp;apos;
System info: host: &amp;apos;A2ML16237&amp;apos;, ip: &amp;apos;10.52.12.36&amp;apos;, os.name: &amp;apos;Windows 10&amp;apos;, os.arch: &amp;apos;amd64&amp;apos;, os.version: &amp;apos;10.0&amp;apos;, java.version: &amp;apos;1.8.0_102&amp;apos;
Driver info: org.openqa.selenium.chrome.ChromeDriver
Capabilities [{applicationCacheEnabled=false, rotatable=false, mobileEmulationEnabled=false, networkConnectionEnabled=false, chrome={chromedriverVersion=2.33.506120 (e3e53437346286c0bc2d2dc9aa4915ba81d9023f), userDataDir=C:\Users\m1021092\AppData\Local\Temp\scoped_dir10516_29291}, takesHeapSnapshot=true, pageLoadStrategy=normal, databaseEnabled=false, handlesAlerts=true, hasTouchScreen=false, version=62.0.3202.94, platform=XP, browserConnectionEnabled=false, nativeEvents=true, acceptSslCerts=true, locationContextEnabled=true, webStorageEnabled=true, browserName=chrome, takesScreenshot=true, javascriptEnabled=true, cssSelectorsEnabled=true, setWindowRect=true, unexpectedAlertBehaviour=}]
Session ID: e0f55bdcdac5d85f93e93b88daa6eef0
*** Element info: {Using=xpath, value=//span[text()=&amp;apos;Veterinarians&amp;apos;]}">
      <![CDATA[org.openqa.selenium.NoSuchWindowException: no such window: target window already closed
from unknown error: web view not found
  (Session info: chrome=62.0.3202.94)
  (Driver info: chromedriver=2.33.506120 (e3e53437346286c0bc2d2dc9aa4915ba81d9023f),platform=Windows NT 10.0.10586 x86_64) (WARNING: The server did not provide any stacktrace information)
Command duration or timeout: 16 milliseconds
Build info: version: '2.53.1', revision: 'a36b8b1', time: '2016-06-30 17:37:03'
System info: host: 'A2ML16237', ip: '10.52.12.36', os.name: 'Windows 10', os.arch: 'amd64', os.version: '10.0', java.version: '1.8.0_102'
Driver info: org.openqa.selenium.chrome.ChromeDriver
Capabilities [{applicationCacheEnabled=false, rotatable=false, mobileEmulationEnabled=false, networkConnectionEnabled=false, chrome={chromedriverVersion=2.33.506120 (e3e53437346286c0bc2d2dc9aa4915ba81d9023f), userDataDir=C:\Users\m1021092\AppData\Local\Temp\scoped_dir10516_29291}, takesHeapSnapshot=true, pageLoadStrategy=normal, databaseEnabled=false, handlesAlerts=true, hasTouchScreen=false, version=62.0.3202.94, platform=XP, browserConnectionEnabled=false, nativeEvents=true, acceptSslCerts=true, locationContextEnabled=true, webStorageEnabled=true, browserName=chrome, takesScreenshot=true, javascriptEnabled=true, cssSelectorsEnabled=true, setWindowRect=true, unexpectedAlertBehaviour=}]
Session ID: e0f55bdcdac5d85f93e93b88daa6eef0
*** Element info: {Using=xpath, value=//span[text()='Veterinarians']}
	at org.openqa.selenium.remote.ErrorHandler.createThrowable(ErrorHandler.java:206)
	at org.openqa.selenium.remote.ErrorHandler.throwIfResponseFailed(ErrorHandler.java:158)
	at org.openqa.selenium.remote.RemoteWebDriver.execute(RemoteWebDriver.java:678)
	at org.openqa.selenium.remote.RemoteWebDriver.findElement(RemoteWebDriver.java:363)
	at org.openqa.selenium.remote.RemoteWebDriver.findElementByXPath(RemoteWebDriver.java:500)
	at org.openqa.selenium.By$ByXPath.findElement(By.java:361)
	at org.openqa.selenium.remote.RemoteWebDriver.findElement(RemoteWebDriver.java:355)
	at com.sampejavaappscripts.DisplayVeterenarians2.testDisplayVeterenarians(DisplayVeterenarians2.java:22)
... Removed 29 stack frames]]>
    </failure>
  </testcase> <!-- testDisplayVeterenarians -->
  <testcase name="testDisplayHomePage" time="0.014" classname="com.sampejavaappscripts.DisplayHomePage2">
    <failure type="org.openqa.selenium.NoSuchWindowException" message="no such window: target window already closed
from unknown error: web view not found
  (Session info: chrome=62.0.3202.94)
  (Driver info: chromedriver=2.33.506120 (e3e53437346286c0bc2d2dc9aa4915ba81d9023f),platform=Windows NT 10.0.10586 x86_64) (WARNING: The server did not provide any stacktrace information)
Command duration or timeout: 12 milliseconds
Build info: version: &amp;apos;2.53.1&amp;apos;, revision: &amp;apos;a36b8b1&amp;apos;, time: &amp;apos;2016-06-30 17:37:03&amp;apos;
System info: host: &amp;apos;A2ML16237&amp;apos;, ip: &amp;apos;10.52.12.36&amp;apos;, os.name: &amp;apos;Windows 10&amp;apos;, os.arch: &amp;apos;amd64&amp;apos;, os.version: &amp;apos;10.0&amp;apos;, java.version: &amp;apos;1.8.0_102&amp;apos;
Driver info: org.openqa.selenium.chrome.ChromeDriver
Capabilities [{applicationCacheEnabled=false, rotatable=false, mobileEmulationEnabled=false, networkConnectionEnabled=false, chrome={chromedriverVersion=2.33.506120 (e3e53437346286c0bc2d2dc9aa4915ba81d9023f), userDataDir=C:\Users\m1021092\AppData\Local\Temp\scoped_dir10516_29291}, takesHeapSnapshot=true, pageLoadStrategy=normal, databaseEnabled=false, handlesAlerts=true, hasTouchScreen=false, version=62.0.3202.94, platform=XP, browserConnectionEnabled=false, nativeEvents=true, acceptSslCerts=true, locationContextEnabled=true, webStorageEnabled=true, browserName=chrome, takesScreenshot=true, javascriptEnabled=true, cssSelectorsEnabled=true, setWindowRect=true, unexpectedAlertBehaviour=}]
Session ID: e0f55bdcdac5d85f93e93b88daa6eef0
*** Element info: {Using=xpath, value=//span[text()=&amp;apos;Home&amp;apos;]}">
      <![CDATA[org.openqa.selenium.NoSuchWindowException: no such window: target window already closed
from unknown error: web view not found
  (Session info: chrome=62.0.3202.94)
  (Driver info: chromedriver=2.33.506120 (e3e53437346286c0bc2d2dc9aa4915ba81d9023f),platform=Windows NT 10.0.10586 x86_64) (WARNING: The server did not provide any stacktrace information)
Command duration or timeout: 12 milliseconds
Build info: version: '2.53.1', revision: 'a36b8b1', time: '2016-06-30 17:37:03'
System info: host: 'A2ML16237', ip: '10.52.12.36', os.name: 'Windows 10', os.arch: 'amd64', os.version: '10.0', java.version: '1.8.0_102'
Driver info: org.openqa.selenium.chrome.ChromeDriver
Capabilities [{applicationCacheEnabled=false, rotatable=false, mobileEmulationEnabled=false, networkConnectionEnabled=false, chrome={chromedriverVersion=2.33.506120 (e3e53437346286c0bc2d2dc9aa4915ba81d9023f), userDataDir=C:\Users\m1021092\AppData\Local\Temp\scoped_dir10516_29291}, takesHeapSnapshot=true, pageLoadStrategy=normal, databaseEnabled=false, handlesAlerts=true, hasTouchScreen=false, version=62.0.3202.94, platform=XP, browserConnectionEnabled=false, nativeEvents=true, acceptSslCerts=true, locationContextEnabled=true, webStorageEnabled=true, browserName=chrome, takesScreenshot=true, javascriptEnabled=true, cssSelectorsEnabled=true, setWindowRect=true, unexpectedAlertBehaviour=}]
Session ID: e0f55bdcdac5d85f93e93b88daa6eef0
*** Element info: {Using=xpath, value=//span[text()='Home']}
	at org.openqa.selenium.remote.ErrorHandler.createThrowable(ErrorHandler.java:206)
	at org.openqa.selenium.remote.ErrorHandler.throwIfResponseFailed(ErrorHandler.java:158)
	at org.openqa.selenium.remote.RemoteWebDriver.execute(RemoteWebDriver.java:678)
	at org.openqa.selenium.remote.RemoteWebDriver.findElement(RemoteWebDriver.java:363)
	at org.openqa.selenium.remote.RemoteWebDriver.findElementByXPath(RemoteWebDriver.java:500)
	at org.openqa.selenium.By$ByXPath.findElement(By.java:361)
	at org.openqa.selenium.remote.RemoteWebDriver.findElement(RemoteWebDriver.java:355)
	at com.sampejavaappscripts.DisplayHomePage2.testDisplayHomePage(DisplayHomePage2.java:21)
... Removed 29 stack frames]]>
    </failure>
  </testcase> <!-- testDisplayHomePage -->
  <testcase name="testDisplayErrorPage" time="0.011" classname="com.sampejavaappscripts.DisplayErrorPage2">
    <failure type="org.openqa.selenium.NoSuchWindowException" message="no such window: target window already closed
from unknown error: web view not found
  (Session info: chrome=62.0.3202.94)
  (Driver info: chromedriver=2.33.506120 (e3e53437346286c0bc2d2dc9aa4915ba81d9023f),platform=Windows NT 10.0.10586 x86_64) (WARNING: The server did not provide any stacktrace information)
Command duration or timeout: 10 milliseconds
Build info: version: &amp;apos;2.53.1&amp;apos;, revision: &amp;apos;a36b8b1&amp;apos;, time: &amp;apos;2016-06-30 17:37:03&amp;apos;
System info: host: &amp;apos;A2ML16237&amp;apos;, ip: &amp;apos;10.52.12.36&amp;apos;, os.name: &amp;apos;Windows 10&amp;apos;, os.arch: &amp;apos;amd64&amp;apos;, os.version: &amp;apos;10.0&amp;apos;, java.version: &amp;apos;1.8.0_102&amp;apos;
Driver info: org.openqa.selenium.chrome.ChromeDriver
Capabilities [{applicationCacheEnabled=false, rotatable=false, mobileEmulationEnabled=false, networkConnectionEnabled=false, chrome={chromedriverVersion=2.33.506120 (e3e53437346286c0bc2d2dc9aa4915ba81d9023f), userDataDir=C:\Users\m1021092\AppData\Local\Temp\scoped_dir10516_29291}, takesHeapSnapshot=true, pageLoadStrategy=normal, databaseEnabled=false, handlesAlerts=true, hasTouchScreen=false, version=62.0.3202.94, platform=XP, browserConnectionEnabled=false, nativeEvents=true, acceptSslCerts=true, locationContextEnabled=true, webStorageEnabled=true, browserName=chrome, takesScreenshot=true, javascriptEnabled=true, cssSelectorsEnabled=true, setWindowRect=true, unexpectedAlertBehaviour=}]
Session ID: e0f55bdcdac5d85f93e93b88daa6eef0
*** Element info: {Using=xpath, value=//span[text()=&amp;apos;Error&amp;apos;]}">
      <![CDATA[org.openqa.selenium.NoSuchWindowException: no such window: target window already closed
from unknown error: web view not found
  (Session info: chrome=62.0.3202.94)
  (Driver info: chromedriver=2.33.506120 (e3e53437346286c0bc2d2dc9aa4915ba81d9023f),platform=Windows NT 10.0.10586 x86_64) (WARNING: The server did not provide any stacktrace information)
Command duration or timeout: 10 milliseconds
Build info: version: '2.53.1', revision: 'a36b8b1', time: '2016-06-30 17:37:03'
System info: host: 'A2ML16237', ip: '10.52.12.36', os.name: 'Windows 10', os.arch: 'amd64', os.version: '10.0', java.version: '1.8.0_102'
Driver info: org.openqa.selenium.chrome.ChromeDriver
Capabilities [{applicationCacheEnabled=false, rotatable=false, mobileEmulationEnabled=false, networkConnectionEnabled=false, chrome={chromedriverVersion=2.33.506120 (e3e53437346286c0bc2d2dc9aa4915ba81d9023f), userDataDir=C:\Users\m1021092\AppData\Local\Temp\scoped_dir10516_29291}, takesHeapSnapshot=true, pageLoadStrategy=normal, databaseEnabled=false, handlesAlerts=true, hasTouchScreen=false, version=62.0.3202.94, platform=XP, browserConnectionEnabled=false, nativeEvents=true, acceptSslCerts=true, locationContextEnabled=true, webStorageEnabled=true, browserName=chrome, takesScreenshot=true, javascriptEnabled=true, cssSelectorsEnabled=true, setWindowRect=true, unexpectedAlertBehaviour=}]
Session ID: e0f55bdcdac5d85f93e93b88daa6eef0
*** Element info: {Using=xpath, value=//span[text()='Error']}
	at org.openqa.selenium.remote.ErrorHandler.createThrowable(ErrorHandler.java:206)
	at org.openqa.selenium.remote.ErrorHandler.throwIfResponseFailed(ErrorHandler.java:158)
	at org.openqa.selenium.remote.RemoteWebDriver.execute(RemoteWebDriver.java:678)
	at org.openqa.selenium.remote.RemoteWebDriver.findElement(RemoteWebDriver.java:363)
	at org.openqa.selenium.remote.RemoteWebDriver.findElementByXPath(RemoteWebDriver.java:500)
	at org.openqa.selenium.By$ByXPath.findElement(By.java:361)
	at org.openqa.selenium.remote.RemoteWebDriver.findElement(RemoteWebDriver.java:355)
	at com.sampejavaappscripts.DisplayErrorPage2.testDisplayErrorPage(DisplayErrorPage2.java:21)
... Removed 29 stack frames]]>
    </failure>
  </testcase> <!-- testDisplayErrorPage -->
  <testcase name="@AfterTest closeExcel" time="0.0" classname="com.canvashomepage.scripts.BaseTest">
    <ignored/>
  </testcase> <!-- @AfterTest closeExcel -->
  <testcase name="@AfterTest closeExcel" time="0.0" classname="com.canvashomepage.scripts.BaseTest">
    <ignored/>
  </testcase> <!-- @AfterTest closeExcel -->
  <testcase name="@AfterTest closeExcel" time="0.0" classname="com.canvashomepage.scripts.BaseTest">
    <ignored/>
  </testcase> <!-- @AfterTest closeExcel -->
  <testcase name="@AfterTest closeExcel" time="0.0" classname="com.canvashomepage.scripts.BaseTest">
    <ignored/>
  </testcase> <!-- @AfterTest closeExcel -->
  <testcase name="@AfterTest closeExcel" time="0.0" classname="com.canvashomepage.scripts.BaseTest">
    <ignored/>
  </testcase> <!-- @AfterTest closeExcel -->
  <testcase name="@AfterTest closeExcel" time="0.0" classname="com.canvashomepage.scripts.BaseTest">
    <ignored/>
  </testcase> <!-- @AfterTest closeExcel -->
  <testcase name="@AfterTest closeExcel" time="0.0" classname="com.canvashomepage.scripts.BaseTest">
    <ignored/>
  </testcase> <!-- @AfterTest closeExcel -->
  <testcase name="@AfterTest closeExcel" time="0.0" classname="com.canvashomepage.scripts.BaseTest">
    <ignored/>
  </testcase> <!-- @AfterTest closeExcel -->
  <testcase name="@AfterTest closeExcel" time="0.0" classname="com.canvashomepage.scripts.BaseTest">
    <ignored/>
  </testcase> <!-- @AfterTest closeExcel -->
  <testcase name="@AfterTest closeExcel" time="0.0" classname="com.canvashomepage.scripts.BaseTest">
    <ignored/>
  </testcase> <!-- @AfterTest closeExcel -->
  <testcase name="@AfterTest closeExcel" time="0.0" classname="com.canvashomepage.scripts.BaseTest">
    <ignored/>
  </testcase> <!-- @AfterTest closeExcel -->
  <testcase name="@BeforeTest openExcel" time="0.0" classname="com.canvashomepage.scripts.BaseTest">
    <ignored/>
  </testcase> <!-- @BeforeTest openExcel -->
  <testcase name="@BeforeTest openExcel" time="0.0" classname="com.canvashomepage.scripts.BaseTest">
    <ignored/>
  </testcase> <!-- @BeforeTest openExcel -->
  <testcase name="@BeforeTest openExcel" time="0.0" classname="com.canvashomepage.scripts.BaseTest">
    <ignored/>
  </testcase> <!-- @BeforeTest openExcel -->
  <testcase name="@BeforeTest openExcel" time="0.0" classname="com.canvashomepage.scripts.BaseTest">
    <ignored/>
  </testcase> <!-- @BeforeTest openExcel -->
  <testcase name="@BeforeTest openExcel" time="0.0" classname="com.canvashomepage.scripts.BaseTest">
    <ignored/>
  </testcase> <!-- @BeforeTest openExcel -->
  <testcase name="@BeforeTest openExcel" time="0.0" classname="com.canvashomepage.scripts.BaseTest">
    <ignored/>
  </testcase> <!-- @BeforeTest openExcel -->
  <testcase name="@BeforeTest openExcel" time="0.0" classname="com.canvashomepage.scripts.BaseTest">
    <ignored/>
  </testcase> <!-- @BeforeTest openExcel -->
  <testcase name="@BeforeTest openExcel" time="0.0" classname="com.canvashomepage.scripts.BaseTest">
    <ignored/>
  </testcase> <!-- @BeforeTest openExcel -->
  <testcase name="@BeforeTest openExcel" time="0.0" classname="com.canvashomepage.scripts.BaseTest">
    <ignored/>
  </testcase> <!-- @BeforeTest openExcel -->
  <testcase name="@BeforeTest openExcel" time="0.0" classname="com.canvashomepage.scripts.BaseTest">
    <ignored/>
  </testcase> <!-- @BeforeTest openExcel -->
  <testcase name="@BeforeTest openExcel" time="0.0" classname="com.canvashomepage.scripts.BaseTest">
    <ignored/>
  </testcase> <!-- @BeforeTest openExcel -->
  <testcase name="@BeforeTest preCondition" time="0.0" classname="com.canvashomepage.scripts.BaseTest">
    <ignored/>
  </testcase> <!-- @BeforeTest preCondition -->
  <testcase name="@BeforeTest preCondition" time="0.0" classname="com.canvashomepage.scripts.BaseTest">
    <ignored/>
  </testcase> <!-- @BeforeTest preCondition -->
  <testcase name="@BeforeTest preCondition" time="0.0" classname="com.canvashomepage.scripts.BaseTest">
    <ignored/>
  </testcase> <!-- @BeforeTest preCondition -->
  <testcase name="@BeforeTest preCondition" time="0.0" classname="com.canvashomepage.scripts.BaseTest">
    <ignored/>
  </testcase> <!-- @BeforeTest preCondition -->
  <testcase name="@AfterTest postCondition" time="0.0" classname="com.canvashomepage.scripts.BaseTest">
    <ignored/>
  </testcase> <!-- @AfterTest postCondition -->
  <testcase name="@AfterTest postCondition" time="0.0" classname="com.canvashomepage.scripts.BaseTest">
    <ignored/>
  </testcase> <!-- @AfterTest postCondition -->
  <testcase name="@AfterTest postCondition" time="0.0" classname="com.canvashomepage.scripts.BaseTest">
    <ignored/>
  </testcase> <!-- @AfterTest postCondition -->
  <testcase name="@AfterTest postCondition" time="0.0" classname="com.canvashomepage.scripts.BaseTest">
    <ignored/>
  </testcase> <!-- @AfterTest postCondition -->
  <testcase name="@AfterTest postCondition" time="0.0" classname="com.canvashomepage.scripts.BaseTest">
    <ignored/>
  </testcase> <!-- @AfterTest postCondition -->
  <testcase name="@AfterTest postCondition" time="0.0" classname="com.canvashomepage.scripts.BaseTest">
    <ignored/>
  </testcase> <!-- @AfterTest postCondition -->
  <testcase name="@AfterTest postCondition" time="0.0" classname="com.canvashomepage.scripts.BaseTest">
    <ignored/>
  </testcase> <!-- @AfterTest postCondition -->
  <testcase name="@AfterTest postCondition" time="0.0" classname="com.canvashomepage.scripts.BaseTest">
    <ignored/>
  </testcase> <!-- @AfterTest postCondition -->
  <testcase name="@AfterTest postCondition" time="0.0" classname="com.canvashomepage.scripts.BaseTest">
    <ignored/>
  </testcase> <!-- @AfterTest postCondition -->
  <testcase name="@AfterTest postCondition" time="0.0" classname="com.canvashomepage.scripts.BaseTest">
    <ignored/>
  </testcase> <!-- @AfterTest postCondition -->
  <testcase name="@AfterTest postCondition" time="0.0" classname="com.canvashomepage.scripts.BaseTest">
    <ignored/>
  </testcase> <!-- @AfterTest postCondition -->
  <testcase name="@BeforeTest preCondition" time="0.0" classname="com.canvashomepage.scripts.BaseTest">
    <ignored/>
  </testcase> <!-- @BeforeTest preCondition -->
  <testcase name="@BeforeTest preCondition" time="0.0" classname="com.canvashomepage.scripts.BaseTest">
    <ignored/>
  </testcase> <!-- @BeforeTest preCondition -->
  <testcase name="@BeforeTest preCondition" time="0.0" classname="com.canvashomepage.scripts.BaseTest">
    <ignored/>
  </testcase> <!-- @BeforeTest preCondition -->
  <testcase name="@BeforeTest preCondition" time="0.0" classname="com.canvashomepage.scripts.BaseTest">
    <ignored/>
  </testcase> <!-- @BeforeTest preCondition -->
  <testcase name="@BeforeTest preCondition" time="0.0" classname="com.canvashomepage.scripts.BaseTest">
    <ignored/>
  </testcase> <!-- @BeforeTest preCondition -->
  <testcase name="@BeforeTest preCondition" time="0.0" classname="com.canvashomepage.scripts.BaseTest">
    <ignored/>
  </testcase> <!-- @BeforeTest preCondition -->
  <testcase name="@BeforeTest preCondition" time="0.0" classname="com.canvashomepage.scripts.BaseTest">
    <ignored/>
  </testcase> <!-- @BeforeTest preCondition -->
</testsuite> <!-- Test -->
